2010/10/25 18:02:43 [error] [exception.CException] exception 'CException' with message 'Property "Player.isnew" is not defined.' in /var/www/yii-1.1.4.r2429/framework/base/CComponent.php:131
Stack trace:
#0 /var/www/yii-1.1.4.r2429/framework/db/ar/CActiveRecord.php(110): CComponent->__get('isnew')
#1 /var/www/p/tdpingpong/protected/views/player/_form.php(18): CActiveRecord->__get('isnew')
#2 /var/www/yii-1.1.4.r2429/framework/web/CBaseController.php(119): require('/var/www/p/tdpi...')
#3 /var/www/yii-1.1.4.r2429/framework/web/CBaseController.php(88): CBaseController->renderInternal('/var/www/p/tdpi...', Array, true)
#4 /var/www/yii-1.1.4.r2429/framework/web/CController.php(798): CBaseController->renderFile('/var/www/p/tdpi...', Array, true)
#5 /var/www/p/tdpingpong/protected/views/player/create.php(15): CController->renderPartial('_form', Array)
#6 /var/www/yii-1.1.4.r2429/framework/web/CBaseController.php(119): require('/var/www/p/tdpi...')
#7 /var/www/yii-1.1.4.r2429/framework/web/CBaseController.php(88): CBaseController->renderInternal('/var/www/p/tdpi...', Array, true)
#8 /var/www/yii-1.1.4.r2429/framework/web/CController.php(798): CBaseController->renderFile('/var/www/p/tdpi...', Array, true)
#9 /var/www/yii-1.1.4.r2429/framework/web/CController.php(739): CController->renderPartial('create', Array, true)
#10 /var/www/p/tdpingpong/protected/controllers/PlayerController.php(78): CController->render('create', Array)
#11 /var/www/yii-1.1.4.r2429/framework/web/actions/CInlineAction.php(50): PlayerController->actionCreate()
#12 /var/www/yii-1.1.4.r2429/framework/web/CController.php(300): CInlineAction->run()
#13 /var/www/yii-1.1.4.r2429/framework/web/filters/CFilterChain.php(133): CController->runAction(Object(CInlineAction))
#14 /var/www/yii-1.1.4.r2429/framework/web/filters/CFilter.php(41): CFilterChain->run()
#15 /var/www/yii-1.1.4.r2429/framework/web/CController.php(1049): CFilter->filter(Object(CFilterChain))
#16 /var/www/yii-1.1.4.r2429/framework/web/filters/CInlineFilter.php(59): CController->filterAccessControl(Object(CFilterChain))
#17 /var/www/yii-1.1.4.r2429/framework/web/filters/CFilterChain.php(130): CInlineFilter->filter(Object(CFilterChain))
#18 /var/www/yii-1.1.4.r2429/framework/web/CController.php(283): CFilterChain->run()
#19 /var/www/yii-1.1.4.r2429/framework/web/CController.php(257): CController->runActionWithFilters(Object(CInlineAction), Array)
#20 /var/www/yii-1.1.4.r2429/framework/web/CWebApplication.php(324): CController->run('create')
#21 /var/www/yii-1.1.4.r2429/framework/web/CWebApplication.php(121): CWebApplication->runController('player/create')
#22 /var/www/yii-1.1.4.r2429/framework/base/CApplication.php(135): CWebApplication->processRequest()
#23 /var/www/p/tdpingpong/index.php(13): CApplication->run()
#24 {main} REQUEST_URI=/p/tdpingpong/index.php?r=player/create
2010/10/25 18:02:52 [error] [exception.CException] exception 'CException' with message 'Property "Player.isNew" is not defined.' in /var/www/yii-1.1.4.r2429/framework/base/CComponent.php:131
Stack trace:
#0 /var/www/yii-1.1.4.r2429/framework/db/ar/CActiveRecord.php(110): CComponent->__get('isNew')
#1 /var/www/p/tdpingpong/protected/views/player/_form.php(18): CActiveRecord->__get('isNew')
#2 /var/www/yii-1.1.4.r2429/framework/web/CBaseController.php(119): require('/var/www/p/tdpi...')
#3 /var/www/yii-1.1.4.r2429/framework/web/CBaseController.php(88): CBaseController->renderInternal('/var/www/p/tdpi...', Array, true)
#4 /var/www/yii-1.1.4.r2429/framework/web/CController.php(798): CBaseController->renderFile('/var/www/p/tdpi...', Array, true)
#5 /var/www/p/tdpingpong/protected/views/player/create.php(15): CController->renderPartial('_form', Array)
#6 /var/www/yii-1.1.4.r2429/framework/web/CBaseController.php(119): require('/var/www/p/tdpi...')
#7 /var/www/yii-1.1.4.r2429/framework/web/CBaseController.php(88): CBaseController->renderInternal('/var/www/p/tdpi...', Array, true)
#8 /var/www/yii-1.1.4.r2429/framework/web/CController.php(798): CBaseController->renderFile('/var/www/p/tdpi...', Array, true)
#9 /var/www/yii-1.1.4.r2429/framework/web/CController.php(739): CController->renderPartial('create', Array, true)
#10 /var/www/p/tdpingpong/protected/controllers/PlayerController.php(78): CController->render('create', Array)
#11 /var/www/yii-1.1.4.r2429/framework/web/actions/CInlineAction.php(50): PlayerController->actionCreate()
#12 /var/www/yii-1.1.4.r2429/framework/web/CController.php(300): CInlineAction->run()
#13 /var/www/yii-1.1.4.r2429/framework/web/filters/CFilterChain.php(133): CController->runAction(Object(CInlineAction))
#14 /var/www/yii-1.1.4.r2429/framework/web/filters/CFilter.php(41): CFilterChain->run()
#15 /var/www/yii-1.1.4.r2429/framework/web/CController.php(1049): CFilter->filter(Object(CFilterChain))
#16 /var/www/yii-1.1.4.r2429/framework/web/filters/CInlineFilter.php(59): CController->filterAccessControl(Object(CFilterChain))
#17 /var/www/yii-1.1.4.r2429/framework/web/filters/CFilterChain.php(130): CInlineFilter->filter(Object(CFilterChain))
#18 /var/www/yii-1.1.4.r2429/framework/web/CController.php(283): CFilterChain->run()
#19 /var/www/yii-1.1.4.r2429/framework/web/CController.php(257): CController->runActionWithFilters(Object(CInlineAction), Array)
#20 /var/www/yii-1.1.4.r2429/framework/web/CWebApplication.php(324): CController->run('create')
#21 /var/www/yii-1.1.4.r2429/framework/web/CWebApplication.php(121): CWebApplication->runController('player/create')
#22 /var/www/yii-1.1.4.r2429/framework/base/CApplication.php(135): CWebApplication->processRequest()
#23 /var/www/p/tdpingpong/index.php(13): CApplication->run()
#24 {main} REQUEST_URI=/p/tdpingpong/index.php?r=player/create
2010/10/25 18:03:53 [error] [system.db.CDbCommand] Error in executing SQL: INSERT INTO 'players' ("name") VALUES (:yp0)
in /var/www/p/tdpingpong/protected/controllers/PlayerController.php (72)
in /var/www/p/tdpingpong/index.php (13)
2010/10/25 18:03:53 [error] [exception.CDbException] exception 'CDbException' with message 'CDbCommand failed to execute the SQL statement: SQLSTATE[HY000]: General error: 8 attempt to write a readonly database' in /var/www/yii-1.1.4.r2429/framework/db/CDbCommand.php:234
Stack trace:
#0 /var/www/yii-1.1.4.r2429/framework/db/ar/CActiveRecord.php(1000): CDbCommand->execute()
#1 /var/www/yii-1.1.4.r2429/framework/db/ar/CActiveRecord.php(759): CActiveRecord->insert(NULL)
#2 /var/www/p/tdpingpong/protected/controllers/PlayerController.php(72): CActiveRecord->save()
#3 /var/www/yii-1.1.4.r2429/framework/web/actions/CInlineAction.php(50): PlayerController->actionCreate()
#4 /var/www/yii-1.1.4.r2429/framework/web/CController.php(300): CInlineAction->run()
#5 /var/www/yii-1.1.4.r2429/framework/web/filters/CFilterChain.php(133): CController->runAction(Object(CInlineAction))
#6 /var/www/yii-1.1.4.r2429/framework/web/filters/CFilter.php(41): CFilterChain->run()
#7 /var/www/yii-1.1.4.r2429/framework/web/CController.php(1049): CFilter->filter(Object(CFilterChain))
#8 /var/www/yii-1.1.4.r2429/framework/web/filters/CInlineFilter.php(59): CController->filterAccessControl(Object(CFilterChain))
#9 /var/www/yii-1.1.4.r2429/framework/web/filters/CFilterChain.php(130): CInlineFilter->filter(Object(CFilterChain))
#10 /var/www/yii-1.1.4.r2429/framework/web/CController.php(283): CFilterChain->run()
#11 /var/www/yii-1.1.4.r2429/framework/web/CController.php(257): CController->runActionWithFilters(Object(CInlineAction), Array)
#12 /var/www/yii-1.1.4.r2429/framework/web/CWebApplication.php(324): CController->run('create')
#13 /var/www/yii-1.1.4.r2429/framework/web/CWebApplication.php(121): CWebApplication->runController('player/create')
#14 /var/www/yii-1.1.4.r2429/framework/base/CApplication.php(135): CWebApplication->processRequest()
#15 /var/www/p/tdpingpong/index.php(13): CApplication->run()
#16 {main} REQUEST_URI=/p/tdpingpong/index.php?r=player/create
2010/10/26 13:42:48 [error] [exception.CDbException] exception 'CDbException' with message 'The table "players" for active record class "Player" cannot be found in the database.' in /var/www/yii-1.1.4.r2429/framework/db/ar/CActiveRecord.php:2159
Stack trace:
#0 /var/www/yii-1.1.4.r2429/framework/db/ar/CActiveRecord.php(353): CActiveRecordMetaData->__construct(Object(Player))
#1 /var/www/yii-1.1.4.r2429/framework/web/CActiveDataProvider.php(63): CActiveRecord::model('Player')
#2 /var/www/p/tdpingpong/protected/controllers/PlayerController.php(130): CActiveDataProvider->__construct('Player')
#3 /var/www/yii-1.1.4.r2429/framework/web/actions/CInlineAction.php(50): PlayerController->actionIndex()
#4 /var/www/yii-1.1.4.r2429/framework/web/CController.php(300): CInlineAction->run()
#5 /var/www/yii-1.1.4.r2429/framework/web/filters/CFilterChain.php(133): CController->runAction(Object(CInlineAction))
#6 /var/www/yii-1.1.4.r2429/framework/web/filters/CFilter.php(41): CFilterChain->run()
#7 /var/www/yii-1.1.4.r2429/framework/web/CController.php(1049): CFilter->filter(Object(CFilterChain))
#8 /var/www/yii-1.1.4.r2429/framework/web/filters/CInlineFilter.php(59): CController->filterAccessControl(Object(CFilterChain))
#9 /var/www/yii-1.1.4.r2429/framework/web/filters/CFilterChain.php(130): CInlineFilter->filter(Object(CFilterChain))
#10 /var/www/yii-1.1.4.r2429/framework/web/CController.php(283): CFilterChain->run()
#11 /var/www/yii-1.1.4.r2429/framework/web/CController.php(257): CController->runActionWithFilters(Object(CInlineAction), Array)
#12 /var/www/yii-1.1.4.r2429/framework/web/CWebApplication.php(324): CController->run('')
#13 /var/www/yii-1.1.4.r2429/framework/web/CWebApplication.php(121): CWebApplication->runController('player')
#14 /var/www/yii-1.1.4.r2429/framework/base/CApplication.php(135): CWebApplication->processRequest()
#15 /var/www/p/tdpingpong/index.php(13): CApplication->run()
#16 {main} REQUEST_URI=/p/tdpingpong/index.php?r=player
